

Microchip MPLAB XC8 Assembler V2.32 build 20210201212658 
                                                                                               Tue Jul 27 23:02:55 2021

Microchip MPLAB XC8 C Compiler v2.32 (Free license) build 20210201212658 Og1 
     1                           	processor	16F18877
     2                           	pagewidth 120
     3                           	opt	flic
     4                           	psect	cinit,global,class=CODE,merge=1,delta=2
     5                           	psect	bssCOMMON,global,class=COMMON,space=1,delta=1,noexec
     6                           	psect	clrtext,global,class=CODE,delta=2
     7                           	psect	cstackCOMMON,global,class=COMMON,space=1,delta=1,noexec
     8                           	psect	maintext,global,class=CODE,merge=1,split=1,delta=2
     9                           	psect	config,global,abs,ovrld,class=CONFIG,space=4,delta=2,noexec
    10                           	dabs	1,0x7E,2
    11  0000                     
    12                           ; Version 2.30
    13                           ; Generated 15/09/2020 GMT
    14                           ; 
    15                           ; Copyright © 2020, Microchip Technology Inc. and its subsidiaries ("Microchip")
    16                           ; All rights reserved.
    17                           ; 
    18                           ; This software is developed by Microchip Technology Inc. and its subsidiaries ("Microch
      +                          ip").
    19                           ; 
    20                           ; Redistribution and use in source and binary forms, with or without modification, are
    21                           ; permitted provided that the following conditions are met:
    22                           ; 
    23                           ;     1. Redistributions of source code must retain the above copyright notice, this lis
      +                          t of
    24                           ;        conditions and the following disclaimer.
    25                           ; 
    26                           ;     2. Redistributions in binary form must reproduce the above copyright notice, this 
      +                          list
    27                           ;        of conditions and the following disclaimer in the documentation and/or other
    28                           ;        materials provided with the distribution. Publication is not required when
    29                           ;        this file is used in an embedded application.
    30                           ; 
    31                           ;     3. Microchip's name may not be used to endorse or promote products derived from th
      +                          is
    32                           ;        software without specific prior written permission.
    33                           ; 
    34                           ; THIS SOFTWARE IS PROVIDED BY MICROCHIP "AS IS" AND ANY EXPRESS OR IMPLIED WARRANTIES,
    35                           ; INCLUDING, BUT NOT LIMITED TO, THE IMPLIED WARRANTIES OF MERCHANTABILITY AND FITNESS F
      +                          OR
    36                           ; PURPOSE ARE DISCLAIMED.  IN NO EVENT SHALL MICROCHIP BE LIABLE FOR ANY DIRECT, INDIREC
      +                          T,
    37                           ; INCIDENTAL, SPECIAL, EXEMPLARY, OR CONSEQUENTIAL DAMAGES (INCLUDING BUT NOT LIMITED TO
    38                           ; PROCUREMENT OF SUBSTITUTE GOODS OR SERVICES; LOSS OF USE, DATA OR PROFITS; OR BUSINESS
    39                           ; INTERRUPTION) HOWSOEVER CAUSED AND ON ANY THEORY OF LIABILITY, WHETHER IN CONTRACT, ST
      +                          RICT
    40                           ; LIABILITY, OR TORT (INCLUDING NEGLIGENCE OR OTHERWISE) ARISING IN ANY WAY OUT OF THE U
      +                          SE OF
    41                           ; THIS SOFTWARE, EVEN IF ADVISED OF THE POSSIBILITY OF SUCH DAMAGE.
    42                           ; 
    43                           ; 
    44                           ; Code-generator required, PIC16F18877 Definitions
    45                           ; 
    46                           ; SFR Addresses
    47  0000                     	;# 
    48  0001                     	;# 
    49  0002                     	;# 
    50  0003                     	;# 
    51  0004                     	;# 
    52  0005                     	;# 
    53  0006                     	;# 
    54  0007                     	;# 
    55  0008                     	;# 
    56  0009                     	;# 
    57  000A                     	;# 
    58  000B                     	;# 
    59  000C                     	;# 
    60  000D                     	;# 
    61  000E                     	;# 
    62  000F                     	;# 
    63  0010                     	;# 
    64  0011                     	;# 
    65  0012                     	;# 
    66  0013                     	;# 
    67  0014                     	;# 
    68  0015                     	;# 
    69  0016                     	;# 
    70  0017                     	;# 
    71  0018                     	;# 
    72  0019                     	;# 
    73  001A                     	;# 
    74  001C                     	;# 
    75  001C                     	;# 
    76  001D                     	;# 
    77  001D                     	;# 
    78  001E                     	;# 
    79  001F                     	;# 
    80  008C                     	;# 
    81  008C                     	;# 
    82  008D                     	;# 
    83  008E                     	;# 
    84  008E                     	;# 
    85  008F                     	;# 
    86  0090                     	;# 
    87  0090                     	;# 
    88  0091                     	;# 
    89  0093                     	;# 
    90  0094                     	;# 
    91  0095                     	;# 
    92  0096                     	;# 
    93  0097                     	;# 
    94  0098                     	;# 
    95  0099                     	;# 
    96  009A                     	;# 
    97  009B                     	;# 
    98  009C                     	;# 
    99  009D                     	;# 
   100  009E                     	;# 
   101  010C                     	;# 
   102  010D                     	;# 
   103  010E                     	;# 
   104  010E                     	;# 
   105  010F                     	;# 
   106  0110                     	;# 
   107  0110                     	;# 
   108  0111                     	;# 
   109  0112                     	;# 
   110  0112                     	;# 
   111  0113                     	;# 
   112  0114                     	;# 
   113  0114                     	;# 
   114  0115                     	;# 
   115  0116                     	;# 
   116  0116                     	;# 
   117  0117                     	;# 
   118  0119                     	;# 
   119  0119                     	;# 
   120  0119                     	;# 
   121  011A                     	;# 
   122  011A                     	;# 
   123  011A                     	;# 
   124  011B                     	;# 
   125  011B                     	;# 
   126  011B                     	;# 
   127  011B                     	;# 
   128  011B                     	;# 
   129  011C                     	;# 
   130  011C                     	;# 
   131  011C                     	;# 
   132  011D                     	;# 
   133  011D                     	;# 
   134  011D                     	;# 
   135  011E                     	;# 
   136  011E                     	;# 
   137  011E                     	;# 
   138  011F                     	;# 
   139  011F                     	;# 
   140  011F                     	;# 
   141  011F                     	;# 
   142  011F                     	;# 
   143  018C                     	;# 
   144  018D                     	;# 
   145  018E                     	;# 
   146  018F                     	;# 
   147  0190                     	;# 
   148  0191                     	;# 
   149  0192                     	;# 
   150  0196                     	;# 
   151  0197                     	;# 
   152  0198                     	;# 
   153  0199                     	;# 
   154  019A                     	;# 
   155  019B                     	;# 
   156  019C                     	;# 
   157  020C                     	;# 
   158  020C                     	;# 
   159  020D                     	;# 
   160  020E                     	;# 
   161  020F                     	;# 
   162  020F                     	;# 
   163  0210                     	;# 
   164  0210                     	;# 
   165  0211                     	;# 
   166  0211                     	;# 
   167  0212                     	;# 
   168  0212                     	;# 
   169  0213                     	;# 
   170  0214                     	;# 
   171  0215                     	;# 
   172  0215                     	;# 
   173  0216                     	;# 
   174  0216                     	;# 
   175  0217                     	;# 
   176  0217                     	;# 
   177  0218                     	;# 
   178  0218                     	;# 
   179  0219                     	;# 
   180  021A                     	;# 
   181  021B                     	;# 
   182  021B                     	;# 
   183  021C                     	;# 
   184  021C                     	;# 
   185  021D                     	;# 
   186  021D                     	;# 
   187  021E                     	;# 
   188  021F                     	;# 
   189  028C                     	;# 
   190  028C                     	;# 
   191  028D                     	;# 
   192  028D                     	;# 
   193  028E                     	;# 
   194  028F                     	;# 
   195  0290                     	;# 
   196  0290                     	;# 
   197  0291                     	;# 
   198  0292                     	;# 
   199  0292                     	;# 
   200  0293                     	;# 
   201  0293                     	;# 
   202  0294                     	;# 
   203  0295                     	;# 
   204  0296                     	;# 
   205  0296                     	;# 
   206  0297                     	;# 
   207  0298                     	;# 
   208  0298                     	;# 
   209  0299                     	;# 
   210  0299                     	;# 
   211  029A                     	;# 
   212  029B                     	;# 
   213  029C                     	;# 
   214  029C                     	;# 
   215  029D                     	;# 
   216  030C                     	;# 
   217  030C                     	;# 
   218  030D                     	;# 
   219  030E                     	;# 
   220  030F                     	;# 
   221  0310                     	;# 
   222  0310                     	;# 
   223  0311                     	;# 
   224  0312                     	;# 
   225  0313                     	;# 
   226  0314                     	;# 
   227  0314                     	;# 
   228  0315                     	;# 
   229  0316                     	;# 
   230  0317                     	;# 
   231  0318                     	;# 
   232  0318                     	;# 
   233  0319                     	;# 
   234  031A                     	;# 
   235  031B                     	;# 
   236  031C                     	;# 
   237  031C                     	;# 
   238  031D                     	;# 
   239  031E                     	;# 
   240  031F                     	;# 
   241  038C                     	;# 
   242  038C                     	;# 
   243  038D                     	;# 
   244  038E                     	;# 
   245  0390                     	;# 
   246  0390                     	;# 
   247  0391                     	;# 
   248  0392                     	;# 
   249  040C                     	;# 
   250  040D                     	;# 
   251  040E                     	;# 
   252  040F                     	;# 
   253  0410                     	;# 
   254  0411                     	;# 
   255  0416                     	;# 
   256  0416                     	;# 
   257  0417                     	;# 
   258  0418                     	;# 
   259  0418                     	;# 
   260  0419                     	;# 
   261  041A                     	;# 
   262  041A                     	;# 
   263  041B                     	;# 
   264  041C                     	;# 
   265  041C                     	;# 
   266  041D                     	;# 
   267  041E                     	;# 
   268  041F                     	;# 
   269  048C                     	;# 
   270  048C                     	;# 
   271  048D                     	;# 
   272  048E                     	;# 
   273  048F                     	;# 
   274  048F                     	;# 
   275  0490                     	;# 
   276  0491                     	;# 
   277  0492                     	;# 
   278  0492                     	;# 
   279  0493                     	;# 
   280  0494                     	;# 
   281  0495                     	;# 
   282  0495                     	;# 
   283  0496                     	;# 
   284  0497                     	;# 
   285  0498                     	;# 
   286  0499                     	;# 
   287  049A                     	;# 
   288  049B                     	;# 
   289  049C                     	;# 
   290  049D                     	;# 
   291  050C                     	;# 
   292  050C                     	;# 
   293  050D                     	;# 
   294  050E                     	;# 
   295  050F                     	;# 
   296  050F                     	;# 
   297  0510                     	;# 
   298  0511                     	;# 
   299  0512                     	;# 
   300  0512                     	;# 
   301  0513                     	;# 
   302  0514                     	;# 
   303  0515                     	;# 
   304  0515                     	;# 
   305  0516                     	;# 
   306  0517                     	;# 
   307  0518                     	;# 
   308  0519                     	;# 
   309  051A                     	;# 
   310  051B                     	;# 
   311  051C                     	;# 
   312  051D                     	;# 
   313  058C                     	;# 
   314  058C                     	;# 
   315  058D                     	;# 
   316  058E                     	;# 
   317  058F                     	;# 
   318  058F                     	;# 
   319  0590                     	;# 
   320  0591                     	;# 
   321  0592                     	;# 
   322  0593                     	;# 
   323  060C                     	;# 
   324  060D                     	;# 
   325  060E                     	;# 
   326  060F                     	;# 
   327  0610                     	;# 
   328  0611                     	;# 
   329  0612                     	;# 
   330  0613                     	;# 
   331  0614                     	;# 
   332  0616                     	;# 
   333  0617                     	;# 
   334  0618                     	;# 
   335  0619                     	;# 
   336  061A                     	;# 
   337  061B                     	;# 
   338  061C                     	;# 
   339  061D                     	;# 
   340  061E                     	;# 
   341  068C                     	;# 
   342  068D                     	;# 
   343  068E                     	;# 
   344  068F                     	;# 
   345  0690                     	;# 
   346  0691                     	;# 
   347  0692                     	;# 
   348  0693                     	;# 
   349  0694                     	;# 
   350  070C                     	;# 
   351  070D                     	;# 
   352  070E                     	;# 
   353  070F                     	;# 
   354  0710                     	;# 
   355  0711                     	;# 
   356  0712                     	;# 
   357  0713                     	;# 
   358  0714                     	;# 
   359  0716                     	;# 
   360  0717                     	;# 
   361  0718                     	;# 
   362  0719                     	;# 
   363  071A                     	;# 
   364  071B                     	;# 
   365  071C                     	;# 
   366  071D                     	;# 
   367  071E                     	;# 
   368  0796                     	;# 
   369  0797                     	;# 
   370  0798                     	;# 
   371  0799                     	;# 
   372  079A                     	;# 
   373  079B                     	;# 
   374  080C                     	;# 
   375  080D                     	;# 
   376  080E                     	;# 
   377  080F                     	;# 
   378  0810                     	;# 
   379  0811                     	;# 
   380  0812                     	;# 
   381  0813                     	;# 
   382  0814                     	;# 
   383  081A                     	;# 
   384  081B                     	;# 
   385  081C                     	;# 
   386  081D                     	;# 
   387  081E                     	;# 
   388  081F                     	;# 
   389  088C                     	;# 
   390  088D                     	;# 
   391  088E                     	;# 
   392  088F                     	;# 
   393  0890                     	;# 
   394  0891                     	;# 
   395  0892                     	;# 
   396  0893                     	;# 
   397  0895                     	;# 
   398  0896                     	;# 
   399  0897                     	;# 
   400  0898                     	;# 
   401  0899                     	;# 
   402  089A                     	;# 
   403  089B                     	;# 
   404  090C                     	;# 
   405  090E                     	;# 
   406  090F                     	;# 
   407  091F                     	;# 
   408  098F                     	;# 
   409  098F                     	;# 
   410  0990                     	;# 
   411  0991                     	;# 
   412  0992                     	;# 
   413  0993                     	;# 
   414  0994                     	;# 
   415  0995                     	;# 
   416  0996                     	;# 
   417  0997                     	;# 
   418  1E0F                     	;# 
   419  1E10                     	;# 
   420  1E11                     	;# 
   421  1E12                     	;# 
   422  1E13                     	;# 
   423  1E14                     	;# 
   424  1E15                     	;# 
   425  1E16                     	;# 
   426  1E17                     	;# 
   427  1E18                     	;# 
   428  1E19                     	;# 
   429  1E1A                     	;# 
   430  1E1B                     	;# 
   431  1E1C                     	;# 
   432  1E1D                     	;# 
   433  1E1E                     	;# 
   434  1E1F                     	;# 
   435  1E20                     	;# 
   436  1E21                     	;# 
   437  1E22                     	;# 
   438  1E23                     	;# 
   439  1E24                     	;# 
   440  1E25                     	;# 
   441  1E26                     	;# 
   442  1E27                     	;# 
   443  1E28                     	;# 
   444  1E29                     	;# 
   445  1E2A                     	;# 
   446  1E2B                     	;# 
   447  1E2C                     	;# 
   448  1E2D                     	;# 
   449  1E2E                     	;# 
   450  1E2F                     	;# 
   451  1E30                     	;# 
   452  1E31                     	;# 
   453  1E32                     	;# 
   454  1E33                     	;# 
   455  1E34                     	;# 
   456  1E35                     	;# 
   457  1E36                     	;# 
   458  1E37                     	;# 
   459  1E8F                     	;# 
   460  1E90                     	;# 
   461  1E91                     	;# 
   462  1E92                     	;# 
   463  1E93                     	;# 
   464  1E94                     	;# 
   465  1E95                     	;# 
   466  1E96                     	;# 
   467  1E97                     	;# 
   468  1E9C                     	;# 
   469  1E9D                     	;# 
   470  1E9E                     	;# 
   471  1EA1                     	;# 
   472  1EA2                     	;# 
   473  1EA3                     	;# 
   474  1EA4                     	;# 
   475  1EA5                     	;# 
   476  1EA9                     	;# 
   477  1EAA                     	;# 
   478  1EAB                     	;# 
   479  1EAC                     	;# 
   480  1EB1                     	;# 
   481  1EB2                     	;# 
   482  1EB3                     	;# 
   483  1EB8                     	;# 
   484  1EB9                     	;# 
   485  1EBA                     	;# 
   486  1EBB                     	;# 
   487  1EBC                     	;# 
   488  1EBD                     	;# 
   489  1EBE                     	;# 
   490  1EC3                     	;# 
   491  1EC5                     	;# 
   492  1EC6                     	;# 
   493  1EC7                     	;# 
   494  1EC8                     	;# 
   495  1EC9                     	;# 
   496  1ECA                     	;# 
   497  1ECB                     	;# 
   498  1ECC                     	;# 
   499  1F10                     	;# 
   500  1F11                     	;# 
   501  1F12                     	;# 
   502  1F13                     	;# 
   503  1F14                     	;# 
   504  1F15                     	;# 
   505  1F16                     	;# 
   506  1F17                     	;# 
   507  1F18                     	;# 
   508  1F19                     	;# 
   509  1F1A                     	;# 
   510  1F1B                     	;# 
   511  1F1C                     	;# 
   512  1F1D                     	;# 
   513  1F1E                     	;# 
   514  1F1F                     	;# 
   515  1F20                     	;# 
   516  1F21                     	;# 
   517  1F22                     	;# 
   518  1F23                     	;# 
   519  1F24                     	;# 
   520  1F25                     	;# 
   521  1F26                     	;# 
   522  1F27                     	;# 
   523  1F28                     	;# 
   524  1F29                     	;# 
   525  1F2A                     	;# 
   526  1F2B                     	;# 
   527  1F2C                     	;# 
   528  1F2D                     	;# 
   529  1F2E                     	;# 
   530  1F2F                     	;# 
   531  1F30                     	;# 
   532  1F31                     	;# 
   533  1F32                     	;# 
   534  1F38                     	;# 
   535  1F39                     	;# 
   536  1F3A                     	;# 
   537  1F3B                     	;# 
   538  1F3C                     	;# 
   539  1F3D                     	;# 
   540  1F3E                     	;# 
   541  1F3F                     	;# 
   542  1F40                     	;# 
   543  1F41                     	;# 
   544  1F43                     	;# 
   545  1F44                     	;# 
   546  1F45                     	;# 
   547  1F46                     	;# 
   548  1F47                     	;# 
   549  1F48                     	;# 
   550  1F49                     	;# 
   551  1F4A                     	;# 
   552  1F4B                     	;# 
   553  1F4C                     	;# 
   554  1F4E                     	;# 
   555  1F4F                     	;# 
   556  1F50                     	;# 
   557  1F51                     	;# 
   558  1F52                     	;# 
   559  1F53                     	;# 
   560  1F54                     	;# 
   561  1F55                     	;# 
   562  1F56                     	;# 
   563  1F57                     	;# 
   564  1F59                     	;# 
   565  1F5A                     	;# 
   566  1F5B                     	;# 
   567  1F5C                     	;# 
   568  1F5D                     	;# 
   569  1F61                     	;# 
   570  1F62                     	;# 
   571  1F64                     	;# 
   572  1F65                     	;# 
   573  1F66                     	;# 
   574  1F67                     	;# 
   575  1F68                     	;# 
   576  1F69                     	;# 
   577  1F6A                     	;# 
   578  1F6B                     	;# 
   579  1F6C                     	;# 
   580  1F6D                     	;# 
   581  1FE4                     	;# 
   582  1FE5                     	;# 
   583  1FE6                     	;# 
   584  1FE7                     	;# 
   585  1FE8                     	;# 
   586  1FE9                     	;# 
   587  1FEA                     	;# 
   588  1FEB                     	;# 
   589  1FED                     	;# 
   590  1FEE                     	;# 
   591  1FEF                     	;# 
   592  0000                     	;# 
   593  0001                     	;# 
   594  0002                     	;# 
   595  0003                     	;# 
   596  0004                     	;# 
   597  0005                     	;# 
   598  0006                     	;# 
   599  0007                     	;# 
   600  0008                     	;# 
   601  0009                     	;# 
   602  000A                     	;# 
   603  000B                     	;# 
   604  000C                     	;# 
   605  000D                     	;# 
   606  000E                     	;# 
   607  000F                     	;# 
   608  0010                     	;# 
   609  0011                     	;# 
   610  0012                     	;# 
   611  0013                     	;# 
   612  0014                     	;# 
   613  0015                     	;# 
   614  0016                     	;# 
   615  0017                     	;# 
   616  0018                     	;# 
   617  0019                     	;# 
   618  001A                     	;# 
   619  001C                     	;# 
   620  001C                     	;# 
   621  001D                     	;# 
   622  001D                     	;# 
   623  001E                     	;# 
   624  001F                     	;# 
   625  008C                     	;# 
   626  008C                     	;# 
   627  008D                     	;# 
   628  008E                     	;# 
   629  008E                     	;# 
   630  008F                     	;# 
   631  0090                     	;# 
   632  0090                     	;# 
   633  0091                     	;# 
   634  0093                     	;# 
   635  0094                     	;# 
   636  0095                     	;# 
   637  0096                     	;# 
   638  0097                     	;# 
   639  0098                     	;# 
   640  0099                     	;# 
   641  009A                     	;# 
   642  009B                     	;# 
   643  009C                     	;# 
   644  009D                     	;# 
   645  009E                     	;# 
   646  010C                     	;# 
   647  010D                     	;# 
   648  010E                     	;# 
   649  010E                     	;# 
   650  010F                     	;# 
   651  0110                     	;# 
   652  0110                     	;# 
   653  0111                     	;# 
   654  0112                     	;# 
   655  0112                     	;# 
   656  0113                     	;# 
   657  0114                     	;# 
   658  0114                     	;# 
   659  0115                     	;# 
   660  0116                     	;# 
   661  0116                     	;# 
   662  0117                     	;# 
   663  0119                     	;# 
   664  0119                     	;# 
   665  0119                     	;# 
   666  011A                     	;# 
   667  011A                     	;# 
   668  011A                     	;# 
   669  011B                     	;# 
   670  011B                     	;# 
   671  011B                     	;# 
   672  011B                     	;# 
   673  011B                     	;# 
   674  011C                     	;# 
   675  011C                     	;# 
   676  011C                     	;# 
   677  011D                     	;# 
   678  011D                     	;# 
   679  011D                     	;# 
   680  011E                     	;# 
   681  011E                     	;# 
   682  011E                     	;# 
   683  011F                     	;# 
   684  011F                     	;# 
   685  011F                     	;# 
   686  011F                     	;# 
   687  011F                     	;# 
   688  018C                     	;# 
   689  018D                     	;# 
   690  018E                     	;# 
   691  018F                     	;# 
   692  0190                     	;# 
   693  0191                     	;# 
   694  0192                     	;# 
   695  0196                     	;# 
   696  0197                     	;# 
   697  0198                     	;# 
   698  0199                     	;# 
   699  019A                     	;# 
   700  019B                     	;# 
   701  019C                     	;# 
   702  020C                     	;# 
   703  020C                     	;# 
   704  020D                     	;# 
   705  020E                     	;# 
   706  020F                     	;# 
   707  020F                     	;# 
   708  0210                     	;# 
   709  0210                     	;# 
   710  0211                     	;# 
   711  0211                     	;# 
   712  0212                     	;# 
   713  0212                     	;# 
   714  0213                     	;# 
   715  0214                     	;# 
   716  0215                     	;# 
   717  0215                     	;# 
   718  0216                     	;# 
   719  0216                     	;# 
   720  0217                     	;# 
   721  0217                     	;# 
   722  0218                     	;# 
   723  0218                     	;# 
   724  0219                     	;# 
   725  021A                     	;# 
   726  021B                     	;# 
   727  021B                     	;# 
   728  021C                     	;# 
   729  021C                     	;# 
   730  021D                     	;# 
   731  021D                     	;# 
   732  021E                     	;# 
   733  021F                     	;# 
   734  028C                     	;# 
   735  028C                     	;# 
   736  028D                     	;# 
   737  028D                     	;# 
   738  028E                     	;# 
   739  028F                     	;# 
   740  0290                     	;# 
   741  0290                     	;# 
   742  0291                     	;# 
   743  0292                     	;# 
   744  0292                     	;# 
   745  0293                     	;# 
   746  0293                     	;# 
   747  0294                     	;# 
   748  0295                     	;# 
   749  0296                     	;# 
   750  0296                     	;# 
   751  0297                     	;# 
   752  0298                     	;# 
   753  0298                     	;# 
   754  0299                     	;# 
   755  0299                     	;# 
   756  029A                     	;# 
   757  029B                     	;# 
   758  029C                     	;# 
   759  029C                     	;# 
   760  029D                     	;# 
   761  030C                     	;# 
   762  030C                     	;# 
   763  030D                     	;# 
   764  030E                     	;# 
   765  030F                     	;# 
   766  0310                     	;# 
   767  0310                     	;# 
   768  0311                     	;# 
   769  0312                     	;# 
   770  0313                     	;# 
   771  0314                     	;# 
   772  0314                     	;# 
   773  0315                     	;# 
   774  0316                     	;# 
   775  0317                     	;# 
   776  0318                     	;# 
   777  0318                     	;# 
   778  0319                     	;# 
   779  031A                     	;# 
   780  031B                     	;# 
   781  031C                     	;# 
   782  031C                     	;# 
   783  031D                     	;# 
   784  031E                     	;# 
   785  031F                     	;# 
   786  038C                     	;# 
   787  038C                     	;# 
   788  038D                     	;# 
   789  038E                     	;# 
   790  0390                     	;# 
   791  0390                     	;# 
   792  0391                     	;# 
   793  0392                     	;# 
   794  040C                     	;# 
   795  040D                     	;# 
   796  040E                     	;# 
   797  040F                     	;# 
   798  0410                     	;# 
   799  0411                     	;# 
   800  0416                     	;# 
   801  0416                     	;# 
   802  0417                     	;# 
   803  0418                     	;# 
   804  0418                     	;# 
   805  0419                     	;# 
   806  041A                     	;# 
   807  041A                     	;# 
   808  041B                     	;# 
   809  041C                     	;# 
   810  041C                     	;# 
   811  041D                     	;# 
   812  041E                     	;# 
   813  041F                     	;# 
   814  048C                     	;# 
   815  048C                     	;# 
   816  048D                     	;# 
   817  048E                     	;# 
   818  048F                     	;# 
   819  048F                     	;# 
   820  0490                     	;# 
   821  0491                     	;# 
   822  0492                     	;# 
   823  0492                     	;# 
   824  0493                     	;# 
   825  0494                     	;# 
   826  0495                     	;# 
   827  0495                     	;# 
   828  0496                     	;# 
   829  0497                     	;# 
   830  0498                     	;# 
   831  0499                     	;# 
   832  049A                     	;# 
   833  049B                     	;# 
   834  049C                     	;# 
   835  049D                     	;# 
   836  050C                     	;# 
   837  050C                     	;# 
   838  050D                     	;# 
   839  050E                     	;# 
   840  050F                     	;# 
   841  050F                     	;# 
   842  0510                     	;# 
   843  0511                     	;# 
   844  0512                     	;# 
   845  0512                     	;# 
   846  0513                     	;# 
   847  0514                     	;# 
   848  0515                     	;# 
   849  0515                     	;# 
   850  0516                     	;# 
   851  0517                     	;# 
   852  0518                     	;# 
   853  0519                     	;# 
   854  051A                     	;# 
   855  051B                     	;# 
   856  051C                     	;# 
   857  051D                     	;# 
   858  058C                     	;# 
   859  058C                     	;# 
   860  058D                     	;# 
   861  058E                     	;# 
   862  058F                     	;# 
   863  058F                     	;# 
   864  0590                     	;# 
   865  0591                     	;# 
   866  0592                     	;# 
   867  0593                     	;# 
   868  060C                     	;# 
   869  060D                     	;# 
   870  060E                     	;# 
   871  060F                     	;# 
   872  0610                     	;# 
   873  0611                     	;# 
   874  0612                     	;# 
   875  0613                     	;# 
   876  0614                     	;# 
   877  0616                     	;# 
   878  0617                     	;# 
   879  0618                     	;# 
   880  0619                     	;# 
   881  061A                     	;# 
   882  061B                     	;# 
   883  061C                     	;# 
   884  061D                     	;# 
   885  061E                     	;# 
   886  068C                     	;# 
   887  068D                     	;# 
   888  068E                     	;# 
   889  068F                     	;# 
   890  0690                     	;# 
   891  0691                     	;# 
   892  0692                     	;# 
   893  0693                     	;# 
   894  0694                     	;# 
   895  070C                     	;# 
   896  070D                     	;# 
   897  070E                     	;# 
   898  070F                     	;# 
   899  0710                     	;# 
   900  0711                     	;# 
   901  0712                     	;# 
   902  0713                     	;# 
   903  0714                     	;# 
   904  0716                     	;# 
   905  0717                     	;# 
   906  0718                     	;# 
   907  0719                     	;# 
   908  071A                     	;# 
   909  071B                     	;# 
   910  071C                     	;# 
   911  071D                     	;# 
   912  071E                     	;# 
   913  0796                     	;# 
   914  0797                     	;# 
   915  0798                     	;# 
   916  0799                     	;# 
   917  079A                     	;# 
   918  079B                     	;# 
   919  080C                     	;# 
   920  080D                     	;# 
   921  080E                     	;# 
   922  080F                     	;# 
   923  0810                     	;# 
   924  0811                     	;# 
   925  0812                     	;# 
   926  0813                     	;# 
   927  0814                     	;# 
   928  081A                     	;# 
   929  081B                     	;# 
   930  081C                     	;# 
   931  081D                     	;# 
   932  081E                     	;# 
   933  081F                     	;# 
   934  088C                     	;# 
   935  088D                     	;# 
   936  088E                     	;# 
   937  088F                     	;# 
   938  0890                     	;# 
   939  0891                     	;# 
   940  0892                     	;# 
   941  0893                     	;# 
   942  0895                     	;# 
   943  0896                     	;# 
   944  0897                     	;# 
   945  0898                     	;# 
   946  0899                     	;# 
   947  089A                     	;# 
   948  089B                     	;# 
   949  090C                     	;# 
   950  090E                     	;# 
   951  090F                     	;# 
   952  091F                     	;# 
   953  098F                     	;# 
   954  098F                     	;# 
   955  0990                     	;# 
   956  0991                     	;# 
   957  0992                     	;# 
   958  0993                     	;# 
   959  0994                     	;# 
   960  0995                     	;# 
   961  0996                     	;# 
   962  0997                     	;# 
   963  1E0F                     	;# 
   964  1E10                     	;# 
   965  1E11                     	;# 
   966  1E12                     	;# 
   967  1E13                     	;# 
   968  1E14                     	;# 
   969  1E15                     	;# 
   970  1E16                     	;# 
   971  1E17                     	;# 
   972  1E18                     	;# 
   973  1E19                     	;# 
   974  1E1A                     	;# 
   975  1E1B                     	;# 
   976  1E1C                     	;# 
   977  1E1D                     	;# 
   978  1E1E                     	;# 
   979  1E1F                     	;# 
   980  1E20                     	;# 
   981  1E21                     	;# 
   982  1E22                     	;# 
   983  1E23                     	;# 
   984  1E24                     	;# 
   985  1E25                     	;# 
   986  1E26                     	;# 
   987  1E27                     	;# 
   988  1E28                     	;# 
   989  1E29                     	;# 
   990  1E2A                     	;# 
   991  1E2B                     	;# 
   992  1E2C                     	;# 
   993  1E2D                     	;# 
   994  1E2E                     	;# 
   995  1E2F                     	;# 
   996  1E30                     	;# 
   997  1E31                     	;# 
   998  1E32                     	;# 
   999  1E33                     	;# 
  1000  1E34                     	;# 
  1001  1E35                     	;# 
  1002  1E36                     	;# 
  1003  1E37                     	;# 
  1004  1E8F                     	;# 
  1005  1E90                     	;# 
  1006  1E91                     	;# 
  1007  1E92                     	;# 
  1008  1E93                     	;# 
  1009  1E94                     	;# 
  1010  1E95                     	;# 
  1011  1E96                     	;# 
  1012  1E97                     	;# 
  1013  1E9C                     	;# 
  1014  1E9D                     	;# 
  1015  1E9E                     	;# 
  1016  1EA1                     	;# 
  1017  1EA2                     	;# 
  1018  1EA3                     	;# 
  1019  1EA4                     	;# 
  1020  1EA5                     	;# 
  1021  1EA9                     	;# 
  1022  1EAA                     	;# 
  1023  1EAB                     	;# 
  1024  1EAC                     	;# 
  1025  1EB1                     	;# 
  1026  1EB2                     	;# 
  1027  1EB3                     	;# 
  1028  1EB8                     	;# 
  1029  1EB9                     	;# 
  1030  1EBA                     	;# 
  1031  1EBB                     	;# 
  1032  1EBC                     	;# 
  1033  1EBD                     	;# 
  1034  1EBE                     	;# 
  1035  1EC3                     	;# 
  1036  1EC5                     	;# 
  1037  1EC6                     	;# 
  1038  1EC7                     	;# 
  1039  1EC8                     	;# 
  1040  1EC9                     	;# 
  1041  1ECA                     	;# 
  1042  1ECB                     	;# 
  1043  1ECC                     	;# 
  1044  1F10                     	;# 
  1045  1F11                     	;# 
  1046  1F12                     	;# 
  1047  1F13                     	;# 
  1048  1F14                     	;# 
  1049  1F15                     	;# 
  1050  1F16                     	;# 
  1051  1F17                     	;# 
  1052  1F18                     	;# 
  1053  1F19                     	;# 
  1054  1F1A                     	;# 
  1055  1F1B                     	;# 
  1056  1F1C                     	;# 
  1057  1F1D                     	;# 
  1058  1F1E                     	;# 
  1059  1F1F                     	;# 
  1060  1F20                     	;# 
  1061  1F21                     	;# 
  1062  1F22                     	;# 
  1063  1F23                     	;# 
  1064  1F24                     	;# 
  1065  1F25                     	;# 
  1066  1F26                     	;# 
  1067  1F27                     	;# 
  1068  1F28                     	;# 
  1069  1F29                     	;# 
  1070  1F2A                     	;# 
  1071  1F2B                     	;# 
  1072  1F2C                     	;# 
  1073  1F2D                     	;# 
  1074  1F2E                     	;# 
  1075  1F2F                     	;# 
  1076  1F30                     	;# 
  1077  1F31                     	;# 
  1078  1F32                     	;# 
  1079  1F38                     	;# 
  1080  1F39                     	;# 
  1081  1F3A                     	;# 
  1082  1F3B                     	;# 
  1083  1F3C                     	;# 
  1084  1F3D                     	;# 
  1085  1F3E                     	;# 
  1086  1F3F                     	;# 
  1087  1F40                     	;# 
  1088  1F41                     	;# 
  1089  1F43                     	;# 
  1090  1F44                     	;# 
  1091  1F45                     	;# 
  1092  1F46                     	;# 
  1093  1F47                     	;# 
  1094  1F48                     	;# 
  1095  1F49                     	;# 
  1096  1F4A                     	;# 
  1097  1F4B                     	;# 
  1098  1F4C                     	;# 
  1099  1F4E                     	;# 
  1100  1F4F                     	;# 
  1101  1F50                     	;# 
  1102  1F51                     	;# 
  1103  1F52                     	;# 
  1104  1F53                     	;# 
  1105  1F54                     	;# 
  1106  1F55                     	;# 
  1107  1F56                     	;# 
  1108  1F57                     	;# 
  1109  1F59                     	;# 
  1110  1F5A                     	;# 
  1111  1F5B                     	;# 
  1112  1F5C                     	;# 
  1113  1F5D                     	;# 
  1114  1F61                     	;# 
  1115  1F62                     	;# 
  1116  1F64                     	;# 
  1117  1F65                     	;# 
  1118  1F66                     	;# 
  1119  1F67                     	;# 
  1120  1F68                     	;# 
  1121  1F69                     	;# 
  1122  1F6A                     	;# 
  1123  1F6B                     	;# 
  1124  1F6C                     	;# 
  1125  1F6D                     	;# 
  1126  1FE4                     	;# 
  1127  1FE5                     	;# 
  1128  1FE6                     	;# 
  1129  1FE7                     	;# 
  1130  1FE8                     	;# 
  1131  1FE9                     	;# 
  1132  1FEA                     	;# 
  1133  1FEB                     	;# 
  1134  1FED                     	;# 
  1135  1FEE                     	;# 
  1136  1FEF                     	;# 
  1137  0019                     _LATDbits	set	25
  1138  0010                     _PORTEbits	set	16
  1139  0015                     _TRISEbits	set	21
  1140  0014                     _TRISDbits	set	20
  1141  000C                     _PORTAbits	set	12
  1142  001F                     _T0CON1bits	set	31
  1143  001E                     _T0CON0bits	set	30
  1144  0013                     _TRISCbits	set	19
  1145  011A                     _TXREG	set	282
  1146  011D                     _RC1STAbits	set	285
  1147  011E                     _TX1STAbits	set	286
  1148  011F                     _BAUD1CONbits	set	287
  1149  011B                     _SP1BRGL	set	283
  1150  011C                     _SP1BRGH	set	284
  1151  0311                     _CCPR2H	set	785
  1152  387C                     _TXIF	set	14460
  1153  1F64                     _ANSELEbits	set	8036
  1154  1F59                     _ANSELDbits	set	8025
  1155  1F26                     _RC6PPS	set	7974
  1156  1F4E                     _ANSELCbits	set	8014
  1157                           
  1158                           	psect	cinit
  1159  07F5                     start_initialization:	
  1160                           ; #config settings
  1161                           
  1162  07F5                     __initialization:
  1163                           
  1164                           ; Clear objects allocated to COMMON
  1165  07F5  3070               	movlw	low __pbssCOMMON
  1166  07F6  0084               	movwf	4
  1167  07F7  3000               	movlw	high __pbssCOMMON
  1168  07F8  0085               	movwf	5
  1169  07F9  300E               	movlw	14
  1170  07FA  3187  27DC  3187   	fcall	clear_ram0
  1171  07FD                     end_of_initialization:	
  1172                           ;End of C runtime variable initialization code
  1173                           
  1174  07FD                     __end_of__initialization:
  1175  07FD  0140               	movlb	0
  1176  07FE  3187  2FE2         	ljmp	_main	;jump to C main() function
  1177                           
  1178                           	psect	bssCOMMON
  1179  0070                     __pbssCOMMON:
  1180  0070                     _a:
  1181  0070                     	ds	2
  1182  0072                     itoa@buffer:
  1183  0072                     	ds	12
  1184                           
  1185                           	psect	clrtext
  1186  07DC                     clear_ram0:	
  1187                           ;	Called with FSR0 containing the base address, and
  1188                           ;	WREG with the size to clear
  1189                           
  1190  07DC  0064               	clrwdt	;clear the watchdog before getting into this loop
  1191  07DD                     clrloop0:
  1192  07DD  0180               	clrf	0	;clear RAM location pointed to by FSR
  1193  07DE  3101               	addfsr 0,1
  1194  07DF  0B89               	decfsz	9,f	;Have we reached the end of clearing yet?
  1195  07E0  2FDD               	goto	clrloop0	;have we reached the end yet?
  1196  07E1  3400               	retlw	0	;all done for this memory range, return
  1197                           
  1198                           	psect	cstackCOMMON
  1199  0000                     __pcstackCOMMON:
  1200  0000                     ?_main:
  1201  0000                     ??_main:	
  1202                           ; 1 bytes @ 0x0
  1203                           
  1204                           
  1205                           	psect	maintext
  1206  07E2                     __pmaintext:	
  1207                           ; 1 bytes @ 0x0
  1208 ;;
  1209 ;;Main: autosize = 0, tempsize = 0, incstack = 0, save=0
  1210 ;;
  1211 ;; *************** function _main *****************
  1212 ;; Defined at:
  1213 ;;		line 277 in file "C:/Users/rocke/Desktop/PIC16-PTS/main.c"
  1214 ;; Parameters:    Size  Location     Type
  1215 ;;		None
  1216 ;; Auto vars:     Size  Location     Type
  1217 ;;		None
  1218 ;; Return value:  Size  Location     Type
  1219 ;;                  1    wreg      void 
  1220 ;; Registers used:
  1221 ;;		None
  1222 ;; Tracked objects:
  1223 ;;		On entry : B3F/0
  1224 ;;		On exit  : 0/0
  1225 ;;		Unchanged: 0/0
  1226 ;; Data sizes:     COMMON   BANK0   BANK1   BANK2   BANK3   BANK4   BANK5   BANK6   BANK7   BANK8   BANK9  BANK10  BANK1
      +1  BANK12  BANK13  BANK14  BANK15  BANK16  BANK17  BANK18  BANK19  BANK20  BANK21  BANK22  BANK23  BANK24  BANK25  BANK2
      +6  BANK27  BANK28  BANK29  BANK30  BANK31  BANK32  BANK33  BANK34  BANK35  BANK36  BANK37  BANK38  BANK39  BANK40  BANK4
      +1  BANK42  BANK43  BANK44  BANK45  BANK46  BANK47  BANK48  BANK49  BANK50
  1227 ;;      Params:         0       0       0       0       0       0       0       0       0       0       0       0       
      +0       0       0       0       0       0       0       0       0       0       0       0       0       0       0       
      +0       0       0       0       0       0       0       0       0       0       0       0       0       0       0       
      +0       0       0       0       0       0       0       0       0       0
  1228 ;;      Locals:         0       0       0       0       0       0       0       0       0       0       0       0       
      +0       0       0       0       0       0       0       0       0       0       0       0       0       0       0       
      +0       0       0       0       0       0       0       0       0       0       0       0       0       0       0       
      +0       0       0       0       0       0       0       0       0       0
  1229 ;;      Temps:          0       0       0       0       0       0       0       0       0       0       0       0       
      +0       0       0       0       0       0       0       0       0       0       0       0       0       0       0       
      +0       0       0       0       0       0       0       0       0       0       0       0       0       0       0       
      +0       0       0       0       0       0       0       0       0       0
  1230 ;;      Totals:         0       0       0       0       0       0       0       0       0       0       0       0       
      +0       0       0       0       0       0       0       0       0       0       0       0       0       0       0       
      +0       0       0       0       0       0       0       0       0       0       0       0       0       0       0       
      +0       0       0       0       0       0       0       0       0       0
  1231 ;;Total ram usage:        0 bytes
  1232 ;; This function calls:
  1233 ;;		Nothing
  1234 ;; This function is called by:
  1235 ;;		Startup code after reset
  1236 ;; This function uses a non-reentrant model
  1237 ;;
  1238                           
  1239                           
  1240                           ;psect for function _main
  1241  07E2                     _main:
  1242  07E2                     l845:	
  1243                           ;incstack = 0
  1244                           ; Regs used in _main: []
  1245                           
  1246                           
  1247                           ;C:/Users/rocke/Desktop/PIC16-PTS/main.c: 278:     TRISDbits.TRISD1 = 0;
  1248  07E2  0140               	movlb	0	; select bank0
  1249  07E3  1094               	bcf	20,1	;volatile
  1250                           
  1251                           ;C:/Users/rocke/Desktop/PIC16-PTS/main.c: 279:     ANSELDbits.ANSD1 = 0;
  1252  07E4  017E               	movlb	62	; select bank62
  1253  07E5  10D9               	bcf	89,1	;volatile
  1254                           
  1255                           ;C:/Users/rocke/Desktop/PIC16-PTS/main.c: 281:     TRISEbits.TRISE2 = 1;
  1256  07E6  0140               	movlb	0	; select bank0
  1257  07E7  1515               	bsf	21,2	;volatile
  1258                           
  1259                           ;C:/Users/rocke/Desktop/PIC16-PTS/main.c: 282:     ANSELEbits.ANSE2 = 0;
  1260  07E8  017E               	movlb	62	; select bank62
  1261  07E9  1164               	bcf	100,2	;volatile
  1262  07EA                     l112:	
  1263                           ;C:/Users/rocke/Desktop/PIC16-PTS/main.c: 335:     while(1){
  1264                           
  1265                           
  1266                           ;C:/Users/rocke/Desktop/PIC16-PTS/main.c: 340:         if(PORTEbits.RE2 == 1){LATDbits.L
      +                          ATD1 = 1;}else{LATDbits.LATD1 = 0;}
  1267  07EA  0140               	movlb	0	; select bank0
  1268  07EB  1D10               	btfss	16,2	;volatile
  1269  07EC  2FEE               	goto	u141
  1270  07ED  2FEF               	goto	u140
  1271  07EE                     u141:
  1272  07EE  2FF1               	goto	l113
  1273  07EF                     u140:
  1274  07EF                     l847:
  1275  07EF  1499               	bsf	25,1	;volatile
  1276  07F0  2FEA               	goto	l112
  1277  07F1                     l113:
  1278  07F1  1099               	bcf	25,1	;volatile
  1279  07F2  2FEA               	goto	l112
  1280  07F3  3180  2802         	ljmp	start
  1281  07F5                     __end_of_main:
  1282  007E                     btemp	set	126	;btemp
  1283  007E                     wtemp0	set	126
  1284                           
  1285                           	psect	config
  1286                           
  1287                           ;Config register CONFIG1 @ 0x8007
  1288                           ;	External Oscillator mode selection bits
  1289                           ;	FEXTOSC = XT, XT (crystal oscillator) above 500kHz, below 4MHz; PFM set to medium powe
      +                          r
  1290                           ;	Power-up default value for COSC bits
  1291                           ;	RSTOSC = EXT1X, EXTOSC operating per FEXTOSC bits
  1292                           ;	Clock Out Enable bit
  1293                           ;	CLKOUTEN = OFF, CLKOUT function is disabled; i/o or oscillator function on OSC2
  1294                           ;	Clock Switch Enable bit
  1295                           ;	CSWEN = ON, Writing to NOSC and NDIV is allowed
  1296                           ;	Fail-Safe Clock Monitor Enable bit
  1297                           ;	FCMEN = ON, FSCM timer enabled
  1298  8007                     	org	32775
  1299  8007  3FF9               	dw	16377
  1300                           
  1301                           ;Config register CONFIG2 @ 0x8008
  1302                           ;	Master Clear Enable bit
  1303                           ;	MCLRE = ON, MCLR pin is Master Clear function
  1304                           ;	Power-up Timer Enable bit
  1305                           ;	PWRTE = OFF, PWRT disabled
  1306                           ;	Low-Power BOR enable bit
  1307                           ;	LPBOREN = OFF, ULPBOR disabled
  1308                           ;	Brown-out reset enable bits
  1309                           ;	BOREN = ON, Brown-out Reset Enabled, SBOREN bit is ignored
  1310                           ;	Brown-out Reset Voltage Selection
  1311                           ;	BORV = LO, Brown-out Reset Voltage (VBOR) set to 1.9V on LF, and 2.45V on F Devices
  1312                           ;	Zero-cross detect disable
  1313                           ;	ZCD = OFF, Zero-cross detect circuit is disabled at POR.
  1314                           ;	Peripheral Pin Select one-way control
  1315                           ;	PPS1WAY = ON, The PPSLOCK bit can be cleared and set only once in software
  1316                           ;	Stack Overflow/Underflow Reset Enable bit
  1317                           ;	STVREN = ON, Stack Overflow or Underflow will cause a reset
  1318                           ;	Background Debugger
  1319                           ;	DEBUG = OFF, Background Debugger disabled
  1320  8008                     	org	32776
  1321  8008  3FFF               	dw	16383
  1322                           
  1323                           ;Config register CONFIG3 @ 0x8009
  1324                           ;	WDT Period Select bits
  1325                           ;	WDTCPS = WDTCPS_31, Divider ratio 1:65536; software control of WDTPS
  1326                           ;	WDT operating mode
  1327                           ;	WDTE = OFF, WDT Disabled, SWDTEN is ignored
  1328                           ;	WDT Window Select bits
  1329                           ;	WDTCWS = WDTCWS_7, window always open (100%); software control; keyed access not requi
      +                          red
  1330                           ;	WDT input clock selector
  1331                           ;	WDTCCS = SC, Software Control
  1332  8009                     	org	32777
  1333  8009  3F9F               	dw	16287
  1334                           
  1335                           ;Config register CONFIG4 @ 0x800A
  1336                           ;	UserNVM self-write protection bits
  1337                           ;	WRT = OFF, Write protection off
  1338                           ;	Scanner Enable bit
  1339                           ;	SCANE = available, Scanner module is available for use
  1340                           ;	Low Voltage Programming Enable bit
  1341                           ;	LVP = ON, Low Voltage programming enabled. MCLR/Vpp pin function is MCLR.
  1342  800A                     	org	32778
  1343  800A  3FFF               	dw	16383
  1344                           
  1345                           ;Config register CONFIG5 @ 0x800B
  1346                           ;	UserNVM Program memory code protection bit
  1347                           ;	CP = OFF, Program Memory code protection disabled
  1348                           ;	DataNVM code protection bit
  1349                           ;	CPD = OFF, Data EEPROM code protection disabled
  1350  800B                     	org	32779
  1351  800B  3FFF               	dw	16383

Data Sizes:
    Strings     0
    Constant    0
    Data        0
    BSS         14
    Persistent  32
    Stack       0

Auto Spaces:
    Space          Size  Autos    Used
    COMMON           14      0      14
    BANK0            80      0       0
    BANK1            80      0       0
    BANK2            80      0       0
    BANK3            80      0       0
    BANK4            80      0       0
    BANK5            80      0       0
    BANK6            80      0       0
    BANK7            80      0       0
    BANK8            80      0       0
    BANK9            80      0       0
    BANK10           80      0       0
    BANK11           80      0       0
    BANK12           80      0       0
    BANK13           80      0       0
    BANK14           80      0       0
    BANK15           80      0       0
    BANK16           80      0       0
    BANK17           80      0       0
    BANK18           80      0       0
    BANK19           80      0       0
    BANK20           80      0       0
    BANK21           80      0       0
    BANK22           80      0       0
    BANK23           80      0       0
    BANK24           80      0       0
    BANK25           80      0       0
    BANK26           80      0       0
    BANK27           80      0       0
    BANK28           80      0       0
    BANK29           80      0       0
    BANK30           80      0       0
    BANK31           80      0       0
    BANK32           80      0       0
    BANK33           80      0       0
    BANK34           80      0       0
    BANK35           80      0       0
    BANK36           80      0       0
    BANK37           80      0       0
    BANK38           80      0       0
    BANK39           80      0       0
    BANK40           80      0       0
    BANK41           80      0       0
    BANK42           80      0       0
    BANK43           80      0       0
    BANK44           80      0       0
    BANK45           80      0       0
    BANK46           80      0       0
    BANK47           80      0       0
    BANK48           80      0       0
    BANK49           80      0       0
    BANK50           80      0       0

Pointer List with Targets:

    sp__itoa	PTR unsigned char  size(1) Largest target is 12
		 -> itoa@buffer(COMMON[12]), 


Critical Paths under _main in COMMON

    None.

Critical Paths under _main in BANK0

    None.

Critical Paths under _main in BANK1

    None.

Critical Paths under _main in BANK2

    None.

Critical Paths under _main in BANK3

    None.

Critical Paths under _main in BANK4

    None.

Critical Paths under _main in BANK5

    None.

Critical Paths under _main in BANK6

    None.

Critical Paths under _main in BANK7

    None.

Critical Paths under _main in BANK8

    None.

Critical Paths under _main in BANK9

    None.

Critical Paths under _main in BANK10

    None.

Critical Paths under _main in BANK11

    None.

Critical Paths under _main in BANK12

    None.

Critical Paths under _main in BANK13

    None.

Critical Paths under _main in BANK14

    None.

Critical Paths under _main in BANK15

    None.

Critical Paths under _main in BANK16

    None.

Critical Paths under _main in BANK17

    None.

Critical Paths under _main in BANK18

    None.

Critical Paths under _main in BANK19

    None.

Critical Paths under _main in BANK20

    None.

Critical Paths under _main in BANK21

    None.

Critical Paths under _main in BANK22

    None.

Critical Paths under _main in BANK23

    None.

Critical Paths under _main in BANK24

    None.

Critical Paths under _main in BANK25

    None.

Critical Paths under _main in BANK26

    None.

Critical Paths under _main in BANK27

    None.

Critical Paths under _main in BANK28

    None.

Critical Paths under _main in BANK29

    None.

Critical Paths under _main in BANK30

    None.

Critical Paths under _main in BANK31

    None.

Critical Paths under _main in BANK32

    None.

Critical Paths under _main in BANK33

    None.

Critical Paths under _main in BANK34

    None.

Critical Paths under _main in BANK35

    None.

Critical Paths under _main in BANK36

    None.

Critical Paths under _main in BANK37

    None.

Critical Paths under _main in BANK38

    None.

Critical Paths under _main in BANK39

    None.

Critical Paths under _main in BANK40

    None.

Critical Paths under _main in BANK41

    None.

Critical Paths under _main in BANK42

    None.

Critical Paths under _main in BANK43

    None.

Critical Paths under _main in BANK44

    None.

Critical Paths under _main in BANK45

    None.

Critical Paths under _main in BANK46

    None.

Critical Paths under _main in BANK47

    None.

Critical Paths under _main in BANK48

    None.

Critical Paths under _main in BANK49

    None.

Critical Paths under _main in BANK50

    None.

Call Graph Tables:

 ---------------------------------------------------------------------------------
 (Depth) Function   	        Calls       Base Space   Used Autos Params    Refs
 ---------------------------------------------------------------------------------
 (0) _main                                                 0     0      0       0
 ---------------------------------------------------------------------------------
 Estimated maximum stack depth 0
 ---------------------------------------------------------------------------------

 Call Graph Graphs:

 _main (ROOT)

 Address spaces:
Name               Size   Autos  Total    Cost      Usage
BIGRAM             FF0      0       0       0        0.0%
EEDATA             100      0       0       0        0.0%
NULL                 0      0       0       0        0.0%
CODE                 0      0       0       0        0.0%
BITCOMMON            E      0       0       1        0.0%
BITSFR0              0      0       0       1        0.0%
SFR0                 0      0       0       1        0.0%
COMMON               E      0       E       2      100.0%
BITSFR1              0      0       0       2        0.0%
SFR1                 0      0       0       2        0.0%
BITSFR2              0      0       0       3        0.0%
SFR2                 0      0       0       3        0.0%
STACK                0      0       0       3        0.0%
BITBANK0            50      0       0       4        0.0%
BITSFR3              0      0       0       4        0.0%
SFR3                 0      0       0       4        0.0%
BANK0               50      0       0       5        0.0%
BITSFR4              0      0       0       5        0.0%
SFR4                 0      0       0       5        0.0%
BITBANK1            50      0       0       6        0.0%
BITSFR5              0      0       0       6        0.0%
SFR5                 0      0       0       6        0.0%
BANK1               50      0       0       7        0.0%
BITSFR6              0      0       0       7        0.0%
SFR6                 0      0       0       7        0.0%
BITBANK2            50      0       0       8        0.0%
BITSFR7              0      0       0       8        0.0%
SFR7                 0      0       0       8        0.0%
BANK2               50      0       0       9        0.0%
BITSFR8              0      0       0       9        0.0%
SFR8                 0      0       0       9        0.0%
BITBANK3            50      0       0      10        0.0%
BITSFR9              0      0       0      10        0.0%
SFR9                 0      0       0      10        0.0%
BANK3               50      0       0      11        0.0%
BITSFR10             0      0       0      11        0.0%
SFR10                0      0       0      11        0.0%
BITBANK4            50      0       0      12        0.0%
BITSFR11             0      0       0      12        0.0%
SFR11                0      0       0      12        0.0%
BANK4               50      0       0      13        0.0%
BITSFR12             0      0       0      13        0.0%
SFR12                0      0       0      13        0.0%
BITBANK5            50      0       0      14        0.0%
BITSFR13             0      0       0      14        0.0%
SFR13                0      0       0      14        0.0%
BANK5               50      0       0      15        0.0%
BITSFR14             0      0       0      15        0.0%
SFR14                0      0       0      15        0.0%
BITBANK6            50      0       0      16        0.0%
BITSFR15             0      0       0      16        0.0%
SFR15                0      0       0      16        0.0%
BANK6               50      0       0      17        0.0%
BITSFR16             0      0       0      17        0.0%
SFR16                0      0       0      17        0.0%
BITBANK7            50      0       0      18        0.0%
BITSFR17             0      0       0      18        0.0%
SFR17                0      0       0      18        0.0%
BANK7               50      0       0      19        0.0%
BITSFR18             0      0       0      19        0.0%
SFR18                0      0       0      19        0.0%
BITBANK8            50      0       0      20        0.0%
BITSFR19             0      0       0      20        0.0%
SFR19                0      0       0      20        0.0%
BANK8               50      0       0      21        0.0%
BITSFR20             0      0       0      21        0.0%
SFR20                0      0       0      21        0.0%
BITBANK9            50      0       0      22        0.0%
BITSFR21             0      0       0      22        0.0%
SFR21                0      0       0      22        0.0%
BANK9               50      0       0      23        0.0%
BITSFR22             0      0       0      23        0.0%
SFR22                0      0       0      23        0.0%
BITBANK10           50      0       0      24        0.0%
BITSFR23             0      0       0      24        0.0%
SFR23                0      0       0      24        0.0%
BANK10              50      0       0      25        0.0%
BITSFR24             0      0       0      25        0.0%
SFR24                0      0       0      25        0.0%
BITBANK11           50      0       0      26        0.0%
BITSFR25             0      0       0      26        0.0%
SFR25                0      0       0      26        0.0%
BANK11              50      0       0      27        0.0%
BITSFR26             0      0       0      27        0.0%
SFR26                0      0       0      27        0.0%
BITSFR27             0      0       0      28        0.0%
SFR27                0      0       0      28        0.0%
ABS                  0      0       E      28        0.0%
BITBANK12           50      0       0      29        0.0%
BITSFR28             0      0       0      29        0.0%
SFR28                0      0       0      29        0.0%
BANK12              50      0       0      30        0.0%
BITSFR29             0      0       0      30        0.0%
SFR29                0      0       0      30        0.0%
BITBANK13           50      0       0      31        0.0%
BITSFR30             0      0       0      31        0.0%
SFR30                0      0       0      31        0.0%
BANK13              50      0       0      32        0.0%
BITSFR31             0      0       0      32        0.0%
SFR31                0      0       0      32        0.0%
BITBANK14           50      0       0      33        0.0%
BITSFR32             0      0       0      33        0.0%
SFR32                0      0       0      33        0.0%
BANK14              50      0       0      34        0.0%
BITSFR33             0      0       0      34        0.0%
SFR33                0      0       0      34        0.0%
BITBANK15           50      0       0      35        0.0%
BITSFR34             0      0       0      35        0.0%
SFR34                0      0       0      35        0.0%
BANK15              50      0       0      36        0.0%
BITSFR35             0      0       0      36        0.0%
SFR35                0      0       0      36        0.0%
BITBANK16           50      0       0      37        0.0%
BITSFR36             0      0       0      37        0.0%
SFR36                0      0       0      37        0.0%
BANK16              50      0       0      38        0.0%
BITSFR37             0      0       0      38        0.0%
SFR37                0      0       0      38        0.0%
BITBANK17           50      0       0      39        0.0%
BITSFR38             0      0       0      39        0.0%
SFR38                0      0       0      39        0.0%
BANK17              50      0       0      40        0.0%
BITSFR39             0      0       0      40        0.0%
SFR39                0      0       0      40        0.0%
BITBANK18           50      0       0      41        0.0%
BITSFR40             0      0       0      41        0.0%
SFR40                0      0       0      41        0.0%
BANK18              50      0       0      42        0.0%
BITSFR41             0      0       0      42        0.0%
SFR41                0      0       0      42        0.0%
BITBANK19           50      0       0      43        0.0%
BITSFR42             0      0       0      43        0.0%
SFR42                0      0       0      43        0.0%
BANK19              50      0       0      44        0.0%
BITSFR43             0      0       0      44        0.0%
SFR43                0      0       0      44        0.0%
BITBANK20           50      0       0      45        0.0%
BITSFR44             0      0       0      45        0.0%
SFR44                0      0       0      45        0.0%
BANK20              50      0       0      46        0.0%
BITSFR45             0      0       0      46        0.0%
SFR45                0      0       0      46        0.0%
BITBANK21           50      0       0      47        0.0%
BITSFR46             0      0       0      47        0.0%
SFR46                0      0       0      47        0.0%
BANK21              50      0       0      48        0.0%
BITSFR47             0      0       0      48        0.0%
SFR47                0      0       0      48        0.0%
BITBANK22           50      0       0      49        0.0%
BITSFR48             0      0       0      49        0.0%
SFR48                0      0       0      49        0.0%
BANK22              50      0       0      50        0.0%
BITSFR49             0      0       0      50        0.0%
SFR49                0      0       0      50        0.0%
BITBANK23           50      0       0      51        0.0%
BITSFR50             0      0       0      51        0.0%
SFR50                0      0       0      51        0.0%
BANK23              50      0       0      52        0.0%
BITSFR51             0      0       0      52        0.0%
SFR51                0      0       0      52        0.0%
BITBANK24           50      0       0      53        0.0%
BITSFR52             0      0       0      53        0.0%
SFR52                0      0       0      53        0.0%
BANK24              50      0       0      54        0.0%
BITSFR53             0      0       0      54        0.0%
SFR53                0      0       0      54        0.0%
BITBANK25           50      0       0      55        0.0%
BITSFR54             0      0       0      55        0.0%
SFR54                0      0       0      55        0.0%
BANK25              50      0       0      56        0.0%
BITSFR55             0      0       0      56        0.0%
SFR55                0      0       0      56        0.0%
BITBANK26           50      0       0      57        0.0%
BITSFR56             0      0       0      57        0.0%
SFR56                0      0       0      57        0.0%
BANK26              50      0       0      58        0.0%
BITSFR57             0      0       0      58        0.0%
SFR57                0      0       0      58        0.0%
BITSFR58             0      0       0      59        0.0%
SFR58                0      0       0      59        0.0%
DATA                 0      0       E      59        0.0%
BITBANK27           50      0       0      60        0.0%
BITSFR59             0      0       0      60        0.0%
SFR59                0      0       0      60        0.0%
BANK27              50      0       0      61        0.0%
BITSFR60             0      0       0      61        0.0%
SFR60                0      0       0      61        0.0%
BITBANK28           50      0       0      62        0.0%
BITSFR61             0      0       0      62        0.0%
SFR61                0      0       0      62        0.0%
BANK28              50      0       0      63        0.0%
BITSFR62             0      0       0      63        0.0%
SFR62                0      0       0      63        0.0%
BITBANK29           50      0       0      64        0.0%
BITSFR63             0      0       0      64        0.0%
SFR63                0      0       0      64        0.0%
BANK29              50      0       0      65        0.0%
BITBANK30           50      0       0      66        0.0%
BANK30              50      0       0      67        0.0%
BITBANK31           50      0       0      68        0.0%
BANK31              50      0       0      69        0.0%
BITBANK32           50      0       0      70        0.0%
BANK32              50      0       0      71        0.0%
BITBANK33           50      0       0      72        0.0%
BANK33              50      0       0      73        0.0%
BITBANK34           50      0       0      74        0.0%
BANK34              50      0       0      75        0.0%
BITBANK35           50      0       0      76        0.0%
BANK35              50      0       0      77        0.0%
BITBANK36           50      0       0      78        0.0%
BANK36              50      0       0      79        0.0%
BITBANK37           50      0       0      80        0.0%
BANK37              50      0       0      81        0.0%
BITBANK38           50      0       0      82        0.0%
BANK38              50      0       0      83        0.0%
BITBANK39           50      0       0      84        0.0%
BANK39              50      0       0      85        0.0%
BITBANK40           50      0       0      86        0.0%
BANK40              50      0       0      87        0.0%
BITBANK41           50      0       0      88        0.0%
BANK41              50      0       0      89        0.0%
BITBANK42           50      0       0      90        0.0%
BANK42              50      0       0      91        0.0%
BITBANK43           50      0       0      92        0.0%
BANK43              50      0       0      93        0.0%
BITBANK44           50      0       0      94        0.0%
BANK44              50      0       0      95        0.0%
BITBANK45           50      0       0      96        0.0%
BANK45              50      0       0      97        0.0%
BITBANK46           50      0       0      98        0.0%
BANK46              50      0       0      99        0.0%
BITBANK47           50      0       0     100        0.0%
BANK47              50      0       0     101        0.0%
BITBANK48           50      0       0     102        0.0%
BANK48              50      0       0     103        0.0%
BITBANK49           50      0       0     104        0.0%
BANK49              50      0       0     105        0.0%
BITBANK50           50      0       0     106        0.0%
BANK50              50      0       0     107        0.0%


Microchip Technology PIC Macro Assembler V2.32 build 20210201212658 
Symbol Table                                                                                   Tue Jul 27 23:02:55 2021

                      _a 0070                      l112 07EA                      l113 07F1  
                    l845 07E2                      l847 07EF                      u140 07EF  
                    u141 07EE                      wreg 0009             _BAUD1CONbits 011F  
                   _TXIF 387C                     _main 07E2                     fsr0h 0005  
                   indf0 0000                     fsr0l 0004                     btemp 007E  
                   start 0002                    ?_main 0000                    _TXREG 011A  
                  wtemp0 007E          __initialization 07F5             __end_of_main 07F5  
                 ??_main 0000                   _CCPR2H 0311                   _RC6PPS 1F26  
__end_of__initialization 07FD           __pcstackCOMMON 0000               __pmaintext 07E2  
                _SP1BRGH 011C                  _SP1BRGL 011B                  clrloop0 07DD  
   end_of_initialization 07FD                _PORTAbits 000C                _PORTEbits 0010  
              _TRISCbits 0013                _TRISDbits 0014                _TRISEbits 0015  
    start_initialization 07F5               itoa@buffer 0072              __pbssCOMMON 0070  
              ___latbits 0004                 _LATDbits 0019                clear_ram0 07DC  
             _ANSELCbits 1F4E               _ANSELDbits 1F59               _ANSELEbits 1F64  
             _T0CON0bits 001E               _T0CON1bits 001F            __size_of_main 0013  
             _RC1STAbits 011D               _TX1STAbits 011E  
